C:\Program Files\Microsoft Visual Studio\2022\Community\MSBuild\Microsoft\VC\v170\Microsoft.CppBuild.targets(531,5): warning MSB8028: The intermediate directory (x64\Debug\) contains files shared from another project (001_HelloWindow.vcxproj, 002_HelloShapes.vcxproj, 003_HelloCube.vcxproj, 004_HelloMeshBuilder.vcxproj, 005_HelloMeshSwitcher.vcxproj, 006_HelloSimpleDraw.vcxproj, 007_HelloImGui.vcxproj, 008_HelloRenderTargeti.vcxproj, 009_HelloSolarSystem.vcxproj, 01_HelloQuaternion.vcxproj, 01_HelloLighting.vcxproj, 01_HelloMemory.vcxproj, 02_HelloAnimation.vcxproj, 02_HelloGameObject.vcxproj, 05_HelloPhysics.vcxproj, 07_HelloSoftbody.vcxproj).  This can lead to incorrect clean and rebuild behavior.
  GameState.cpp
D:\repos\C++\XephEngine\Framework\Math\include\Quaternion.h(65,36): warning C4244: '=': conversion from 'double' to 'float', possible loss of data
  (compiling source file 'GameState.cpp')
  
D:\repos\C++\XephEngine\Framework\Math\include\Quaternion.h(66,43): warning C4244: '=': conversion from 'double' to 'float', possible loss of data
  (compiling source file 'GameState.cpp')
  
D:\repos\C++\XephEngine\Framework\Math\include\Quaternion.h(67,43): warning C4244: '=': conversion from 'double' to 'float', possible loss of data
  (compiling source file 'GameState.cpp')
  
D:\repos\C++\XephEngine\Framework\Math\include\Quaternion.h(68,43): warning C4244: '=': conversion from 'double' to 'float', possible loss of data
  (compiling source file 'GameState.cpp')
  
D:\repos\C++\XephEngine\External\Bullet\BulletSoftBody\btSoftBody.h(38,50): warning C4305: 'initializing': truncation from 'double' to 'btScalar'
  (compiling source file 'GameState.cpp')
  
D:\repos\C++\XephEngine\External\Bullet\BulletSoftBody\btSoftBody.h(1232,17): warning C4244: 'initializing': conversion from 'double' to 'btScalar', possible loss of data
  (compiling source file 'GameState.cpp')
  
D:\repos\C++\XephEngine\External\Bullet\BulletSoftBody\btSoftBody.h(1357,21): warning C4244: '+=': conversion from 'double' to 'btScalar', possible loss of data
  (compiling source file 'GameState.cpp')
  
D:\repos\C++\XephEngine\External\Bullet\BulletSoftBody\btSoftBody.h(1361,21): warning C4244: 'initializing': conversion from 'double' to 'btScalar', possible loss of data
  (compiling source file 'GameState.cpp')
  
D:\repos\C++\XephEngine\External\Bullet\BulletSoftBody\btSoftBody.h(1385,20): warning C4244: '=': conversion from 'double' to 'btScalar', possible loss of data
  (compiling source file 'GameState.cpp')
  
D:\repos\C++\XephEngine\External\Bullet\BulletSoftBody\btSoftBody.h(1387,23): warning C4244: '=': conversion from 'double' to 'btScalar', possible loss of data
  (compiling source file 'GameState.cpp')
  
D:\repos\C++\XephEngine\External\Bullet\BulletSoftBody\btSoftBody.h(1269,17): warning C4244: 'initializing': conversion from 'double' to 'btScalar', possible loss of data
  (compiling source file 'GameState.cpp')
  D:\repos\C++\XephEngine\External\Bullet\BulletSoftBody\btSoftBody.h(1269,17):
  the template instantiation context (the oldest one first) is
  	D:\repos\C++\XephEngine\External\Bullet\BulletSoftBody\btSoftBody.h(1303,4):
  	see reference to function template instantiation 'void btSoftBody::updateFace<btDbvtNode>(DBVTNODE *,bool,bool)' being compiled
          with
          [
              DBVTNODE=btDbvtNode
          ]
  
  WinMain.cpp
D:\repos\C++\XephEngine\Framework\Math\include\Quaternion.h(65,36): warning C4244: '=': conversion from 'double' to 'float', possible loss of data
  (compiling source file 'WinMain.cpp')
  
D:\repos\C++\XephEngine\Framework\Math\include\Quaternion.h(66,43): warning C4244: '=': conversion from 'double' to 'float', possible loss of data
  (compiling source file 'WinMain.cpp')
  
D:\repos\C++\XephEngine\Framework\Math\include\Quaternion.h(67,43): warning C4244: '=': conversion from 'double' to 'float', possible loss of data
  (compiling source file 'WinMain.cpp')
  
D:\repos\C++\XephEngine\Framework\Math\include\Quaternion.h(68,43): warning C4244: '=': conversion from 'double' to 'float', possible loss of data
  (compiling source file 'WinMain.cpp')
  
D:\repos\C++\XephEngine\External\Bullet\BulletSoftBody\btSoftBody.h(38,50): warning C4305: 'initializing': truncation from 'double' to 'btScalar'
  (compiling source file 'WinMain.cpp')
  
D:\repos\C++\XephEngine\External\Bullet\BulletSoftBody\btSoftBody.h(1232,17): warning C4244: 'initializing': conversion from 'double' to 'btScalar', possible loss of data
  (compiling source file 'WinMain.cpp')
  
D:\repos\C++\XephEngine\External\Bullet\BulletSoftBody\btSoftBody.h(1357,21): warning C4244: '+=': conversion from 'double' to 'btScalar', possible loss of data
  (compiling source file 'WinMain.cpp')
  
D:\repos\C++\XephEngine\External\Bullet\BulletSoftBody\btSoftBody.h(1361,21): warning C4244: 'initializing': conversion from 'double' to 'btScalar', possible loss of data
  (compiling source file 'WinMain.cpp')
  
D:\repos\C++\XephEngine\External\Bullet\BulletSoftBody\btSoftBody.h(1385,20): warning C4244: '=': conversion from 'double' to 'btScalar', possible loss of data
  (compiling source file 'WinMain.cpp')
  
D:\repos\C++\XephEngine\External\Bullet\BulletSoftBody\btSoftBody.h(1387,23): warning C4244: '=': conversion from 'double' to 'btScalar', possible loss of data
  (compiling source file 'WinMain.cpp')
  
D:\repos\C++\XephEngine\External\Bullet\BulletSoftBody\btSoftBody.h(1269,17): warning C4244: 'initializing': conversion from 'double' to 'btScalar', possible loss of data
  (compiling source file 'WinMain.cpp')
  D:\repos\C++\XephEngine\External\Bullet\BulletSoftBody\btSoftBody.h(1269,17):
  the template instantiation context (the oldest one first) is
  	D:\repos\C++\XephEngine\External\Bullet\BulletSoftBody\btSoftBody.h(1303,4):
  	see reference to function template instantiation 'void btSoftBody::updateFace<btDbvtNode>(DBVTNODE *,bool,bool)' being compiled
          with
          [
              DBVTNODE=btDbvtNode
          ]
  
  Generating Code...
yaml-cpp-d.lib(exceptions.obj) : warning LNK4099: PDB '' was not found with 'yaml-cpp-d.lib(exceptions.obj)' or at ''; linking object as if no debug info
yaml-cpp-d.lib(memory.obj) : warning LNK4099: PDB '' was not found with 'yaml-cpp-d.lib(memory.obj)' or at ''; linking object as if no debug info
yaml-cpp-d.lib(node_data.obj) : warning LNK4099: PDB '' was not found with 'yaml-cpp-d.lib(node_data.obj)' or at ''; linking object as if no debug info
yaml-cpp-d.lib(parse.obj) : warning LNK4099: PDB '' was not found with 'yaml-cpp-d.lib(parse.obj)' or at ''; linking object as if no debug info
yaml-cpp-d.lib(nodebuilder.obj) : warning LNK4099: PDB '' was not found with 'yaml-cpp-d.lib(nodebuilder.obj)' or at ''; linking object as if no debug info
yaml-cpp-d.lib(parser.obj) : warning LNK4099: PDB '' was not found with 'yaml-cpp-d.lib(parser.obj)' or at ''; linking object as if no debug info
yaml-cpp-d.lib(directives.obj) : warning LNK4099: PDB '' was not found with 'yaml-cpp-d.lib(directives.obj)' or at ''; linking object as if no debug info
yaml-cpp-d.lib(scanner.obj) : warning LNK4099: PDB '' was not found with 'yaml-cpp-d.lib(scanner.obj)' or at ''; linking object as if no debug info
yaml-cpp-d.lib(singledocparser.obj) : warning LNK4099: PDB '' was not found with 'yaml-cpp-d.lib(singledocparser.obj)' or at ''; linking object as if no debug info
yaml-cpp-d.lib(regex_yaml.obj) : warning LNK4099: PDB '' was not found with 'yaml-cpp-d.lib(regex_yaml.obj)' or at ''; linking object as if no debug info
yaml-cpp-d.lib(stream.obj) : warning LNK4099: PDB '' was not found with 'yaml-cpp-d.lib(stream.obj)' or at ''; linking object as if no debug info
yaml-cpp-d.lib(simplekey.obj) : warning LNK4099: PDB '' was not found with 'yaml-cpp-d.lib(simplekey.obj)' or at ''; linking object as if no debug info
yaml-cpp-d.lib(scantoken.obj) : warning LNK4099: PDB '' was not found with 'yaml-cpp-d.lib(scantoken.obj)' or at ''; linking object as if no debug info
yaml-cpp-d.lib(tag.obj) : warning LNK4099: PDB '' was not found with 'yaml-cpp-d.lib(tag.obj)' or at ''; linking object as if no debug info
yaml-cpp-d.lib(depthguard.obj) : warning LNK4099: PDB '' was not found with 'yaml-cpp-d.lib(depthguard.obj)' or at ''; linking object as if no debug info
yaml-cpp-d.lib(null.obj) : warning LNK4099: PDB '' was not found with 'yaml-cpp-d.lib(null.obj)' or at ''; linking object as if no debug info
yaml-cpp-d.lib(scanscalar.obj) : warning LNK4099: PDB '' was not found with 'yaml-cpp-d.lib(scanscalar.obj)' or at ''; linking object as if no debug info
yaml-cpp-d.lib(scantag.obj) : warning LNK4099: PDB '' was not found with 'yaml-cpp-d.lib(scantag.obj)' or at ''; linking object as if no debug info
yaml-cpp-d.lib(exp.obj) : warning LNK4099: PDB '' was not found with 'yaml-cpp-d.lib(exp.obj)' or at ''; linking object as if no debug info
  03_HelloGameWorld.vcxproj -> D:\repos\C++\XephEngine\x64\Debug\03_HelloGameWorld.exe
