  Application.cpp
D:\repos\C++\XephEngine_Dev\XephEngine\src\data\Structs.h(15,28): warning C4244: 'initializing': conversion from 'int' to 'float', possible loss of data
D:\repos\C++\XephEngine_Dev\XephEngine\src\data\Structs.h(15,34): warning C4244: 'initializing': conversion from 'int' to 'float', possible loss of data
D:\repos\C++\XephEngine_Dev\XephEngine\src\data\Structs.h(26,33): warning C4244: 'initializing': conversion from 'float' to 'int', possible loss of data
D:\repos\C++\XephEngine_Dev\XephEngine\src\data\Structs.h(26,39): warning C4244: 'initializing': conversion from 'float' to 'int', possible loss of data
  Component.cpp
D:\repos\C++\XephEngine_Dev\XephEngine\src\data\Structs.h(15,28): warning C4244: 'initializing': conversion from 'int' to 'float', possible loss of data
D:\repos\C++\XephEngine_Dev\XephEngine\src\data\Structs.h(15,34): warning C4244: 'initializing': conversion from 'int' to 'float', possible loss of data
D:\repos\C++\XephEngine_Dev\XephEngine\src\data\Structs.h(26,33): warning C4244: 'initializing': conversion from 'float' to 'int', possible loss of data
D:\repos\C++\XephEngine_Dev\XephEngine\src\data\Structs.h(26,39): warning C4244: 'initializing': conversion from 'float' to 'int', possible loss of data
  GameObject.cpp
D:\repos\C++\XephEngine_Dev\XephEngine\src\data\Structs.h(15,28): warning C4244: 'initializing': conversion from 'int' to 'float', possible loss of data
D:\repos\C++\XephEngine_Dev\XephEngine\src\data\Structs.h(15,34): warning C4244: 'initializing': conversion from 'int' to 'float', possible loss of data
D:\repos\C++\XephEngine_Dev\XephEngine\src\data\Structs.h(26,33): warning C4244: 'initializing': conversion from 'float' to 'int', possible loss of data
D:\repos\C++\XephEngine_Dev\XephEngine\src\data\Structs.h(26,39): warning C4244: 'initializing': conversion from 'float' to 'int', possible loss of data
  Scene.cpp
D:\repos\C++\XephEngine_Dev\XephEngine\src\data\Structs.h(15,28): warning C4244: 'initializing': conversion from 'int' to 'float', possible loss of data
D:\repos\C++\XephEngine_Dev\XephEngine\src\data\Structs.h(15,34): warning C4244: 'initializing': conversion from 'int' to 'float', possible loss of data
D:\repos\C++\XephEngine_Dev\XephEngine\src\data\Structs.h(26,33): warning C4244: 'initializing': conversion from 'float' to 'int', possible loss of data
D:\repos\C++\XephEngine_Dev\XephEngine\src\data\Structs.h(26,39): warning C4244: 'initializing': conversion from 'float' to 'int', possible loss of data
  Window.cpp
D:\repos\C++\XephEngine_Dev\XephEngine\src\data\Structs.h(15,28): warning C4244: 'initializing': conversion from 'int' to 'float', possible loss of data
D:\repos\C++\XephEngine_Dev\XephEngine\src\data\Structs.h(15,34): warning C4244: 'initializing': conversion from 'int' to 'float', possible loss of data
D:\repos\C++\XephEngine_Dev\XephEngine\src\data\Structs.h(26,33): warning C4244: 'initializing': conversion from 'float' to 'int', possible loss of data
D:\repos\C++\XephEngine_Dev\XephEngine\src\data\Structs.h(26,39): warning C4244: 'initializing': conversion from 'float' to 'int', possible loss of data
  World.cpp
D:\repos\C++\XephEngine_Dev\XephEngine\src\data\Structs.h(15,28): warning C4244: 'initializing': conversion from 'int' to 'float', possible loss of data
D:\repos\C++\XephEngine_Dev\XephEngine\src\data\Structs.h(15,34): warning C4244: 'initializing': conversion from 'int' to 'float', possible loss of data
D:\repos\C++\XephEngine_Dev\XephEngine\src\data\Structs.h(26,33): warning C4244: 'initializing': conversion from 'float' to 'int', possible loss of data
D:\repos\C++\XephEngine_Dev\XephEngine\src\data\Structs.h(26,39): warning C4244: 'initializing': conversion from 'float' to 'int', possible loss of data
  InputSystem.cpp
D:\repos\C++\XephEngine_Dev\XephEngine\src\data\Structs.h(15,28): warning C4244: 'initializing': conversion from 'int' to 'float', possible loss of data
D:\repos\C++\XephEngine_Dev\XephEngine\src\data\Structs.h(15,34): warning C4244: 'initializing': conversion from 'int' to 'float', possible loss of data
D:\repos\C++\XephEngine_Dev\XephEngine\src\data\Structs.h(26,33): warning C4244: 'initializing': conversion from 'float' to 'int', possible loss of data
D:\repos\C++\XephEngine_Dev\XephEngine\src\data\Structs.h(26,39): warning C4244: 'initializing': conversion from 'float' to 'int', possible loss of data
  Generating Code...
  XephEngine.vcxproj -> D:\repos\C++\XephEngine_Dev\Build\x64\Debug\XephEngine.lib
