C:\Program Files\Microsoft Visual Studio\2022\Community\MSBuild\Microsoft\VC\v170\Microsoft.CppBuild.targets(517,5): warning MSB8028: The intermediate directory (x64\Debug\) contains files shared from another project (InputSystem.vcxproj).  This can lead to incorrect clean and rebuild behavior.
  Pch.cpp
D:\repos\C++\XephEngine\Framework\Math\include\Quaternion.h(65,36): warning C4244: '=': conversion from 'double' to 'float', possible loss of data
D:\repos\C++\XephEngine\Framework\Math\include\Quaternion.h(66,43): warning C4244: '=': conversion from 'double' to 'float', possible loss of data
D:\repos\C++\XephEngine\Framework\Math\include\Quaternion.h(67,43): warning C4244: '=': conversion from 'double' to 'float', possible loss of data
D:\repos\C++\XephEngine\Framework\Math\include\Quaternion.h(68,43): warning C4244: '=': conversion from 'double' to 'float', possible loss of data
D:\repos\C++\XephEngine\External\Bullet\BulletSoftBody\btSoftBody.h(38,53): warning C4305: 'initializing': truncation from 'double' to 'btScalar'
D:\repos\C++\XephEngine\External\Bullet\BulletSoftBody\btSoftBody.h(1232,17): warning C4244: 'initializing': conversion from 'double' to 'btScalar', possible loss of data
D:\repos\C++\XephEngine\External\Bullet\BulletSoftBody\btSoftBody.h(1357,21): warning C4244: '+=': conversion from 'double' to 'btScalar', possible loss of data
D:\repos\C++\XephEngine\External\Bullet\BulletSoftBody\btSoftBody.h(1361,21): warning C4244: 'initializing': conversion from 'double' to 'btScalar', possible loss of data
D:\repos\C++\XephEngine\External\Bullet\BulletSoftBody\btSoftBody.h(1385,20): warning C4244: '=': conversion from 'double' to 'btScalar', possible loss of data
D:\repos\C++\XephEngine\External\Bullet\BulletSoftBody\btSoftBody.h(1387,23): warning C4244: '=': conversion from 'double' to 'btScalar', possible loss of data
D:\repos\C++\XephEngine\External\Bullet\BulletSoftBody\btSoftBody.h(1269,17): warning C4244: 'initializing': conversion from 'double' to 'btScalar', possible loss of data
D:\repos\C++\XephEngine\External\Bullet\BulletSoftBody\btSoftBody.h(1303,1): message : see reference to function template instantiation 'void btSoftBody::updateFace<btDbvtNode>(DBVTNODE *,bool,bool)' being compiled
          with
          [
              DBVTNODE=btDbvtNode
          ]
  App.cpp
  XephEngine.cpp
  Generating Code...
  XephEngine.vcxproj -> D:\repos\C++\XephEngine\x64\Debug\XephEngine.lib
