C:\Program Files\Microsoft Visual Studio\2022\Community\MSBuild\Microsoft\VC\v170\Microsoft.CppBuild.targets(531,5): warning MSB8028: The intermediate directory (x64\Debug\) contains files shared from another project (001_HelloWindow.vcxproj, 002_HelloShapes.vcxproj, 003_HelloCube.vcxproj, 004_HelloMeshBuilder.vcxproj, 005_HelloMeshSwitcher.vcxproj, 006_HelloSimpleDraw.vcxproj, 007_HelloImGui.vcxproj, 008_HelloRenderTargeti.vcxproj, 009_HelloSolarSystem.vcxproj, 01_HelloQuaternion.vcxproj, 01_HelloLighting.vcxproj, 01_HelloMemory.vcxproj, 02_HelloAnimation.vcxproj, 05_HelloPhysics.vcxproj, 07_HelloSoftbody.vcxproj).  This can lead to incorrect clean and rebuild behavior.
yaml-cpp-d.lib(exceptions.obj) : warning LNK4099: PDB '' was not found with 'yaml-cpp-d.lib(exceptions.obj)' or at ''; linking object as if no debug info
yaml-cpp-d.lib(memory.obj) : warning LNK4099: PDB '' was not found with 'yaml-cpp-d.lib(memory.obj)' or at ''; linking object as if no debug info
yaml-cpp-d.lib(node_data.obj) : warning LNK4099: PDB '' was not found with 'yaml-cpp-d.lib(node_data.obj)' or at ''; linking object as if no debug info
yaml-cpp-d.lib(parse.obj) : warning LNK4099: PDB '' was not found with 'yaml-cpp-d.lib(parse.obj)' or at ''; linking object as if no debug info
yaml-cpp-d.lib(nodebuilder.obj) : warning LNK4099: PDB '' was not found with 'yaml-cpp-d.lib(nodebuilder.obj)' or at ''; linking object as if no debug info
yaml-cpp-d.lib(parser.obj) : warning LNK4099: PDB '' was not found with 'yaml-cpp-d.lib(parser.obj)' or at ''; linking object as if no debug info
yaml-cpp-d.lib(directives.obj) : warning LNK4099: PDB '' was not found with 'yaml-cpp-d.lib(directives.obj)' or at ''; linking object as if no debug info
yaml-cpp-d.lib(scanner.obj) : warning LNK4099: PDB '' was not found with 'yaml-cpp-d.lib(scanner.obj)' or at ''; linking object as if no debug info
yaml-cpp-d.lib(singledocparser.obj) : warning LNK4099: PDB '' was not found with 'yaml-cpp-d.lib(singledocparser.obj)' or at ''; linking object as if no debug info
yaml-cpp-d.lib(regex_yaml.obj) : warning LNK4099: PDB '' was not found with 'yaml-cpp-d.lib(regex_yaml.obj)' or at ''; linking object as if no debug info
yaml-cpp-d.lib(stream.obj) : warning LNK4099: PDB '' was not found with 'yaml-cpp-d.lib(stream.obj)' or at ''; linking object as if no debug info
yaml-cpp-d.lib(simplekey.obj) : warning LNK4099: PDB '' was not found with 'yaml-cpp-d.lib(simplekey.obj)' or at ''; linking object as if no debug info
yaml-cpp-d.lib(scantoken.obj) : warning LNK4099: PDB '' was not found with 'yaml-cpp-d.lib(scantoken.obj)' or at ''; linking object as if no debug info
yaml-cpp-d.lib(tag.obj) : warning LNK4099: PDB '' was not found with 'yaml-cpp-d.lib(tag.obj)' or at ''; linking object as if no debug info
yaml-cpp-d.lib(depthguard.obj) : warning LNK4099: PDB '' was not found with 'yaml-cpp-d.lib(depthguard.obj)' or at ''; linking object as if no debug info
yaml-cpp-d.lib(null.obj) : warning LNK4099: PDB '' was not found with 'yaml-cpp-d.lib(null.obj)' or at ''; linking object as if no debug info
yaml-cpp-d.lib(scanscalar.obj) : warning LNK4099: PDB '' was not found with 'yaml-cpp-d.lib(scanscalar.obj)' or at ''; linking object as if no debug info
yaml-cpp-d.lib(scantag.obj) : warning LNK4099: PDB '' was not found with 'yaml-cpp-d.lib(scantag.obj)' or at ''; linking object as if no debug info
yaml-cpp-d.lib(exp.obj) : warning LNK4099: PDB '' was not found with 'yaml-cpp-d.lib(exp.obj)' or at ''; linking object as if no debug info
XephEngine.lib(PhysicsService.obj) : error LNK2019: unresolved external symbol "public: static void __cdecl xe::Physics::PhysicsWorld::SetGravity(struct xe::Math::Vector3 const &)" (?SetGravity@PhysicsWorld@Physics@xe@@SAXAEBUVector3@Math@3@@Z) referenced in function "public: virtual void __cdecl xe::PhysicsService::Deserialize(struct YAML::detail::iterator_value const &)" (?Deserialize@PhysicsService@xe@@UEAAXAEBUiterator_value@detail@YAML@@@Z)
XephEngine.lib(PhysicsService.obj) : error LNK2019: unresolved external symbol "public: static void __cdecl xe::Physics::PhysicsWorld::SetSimulationSteps(unsigned int)" (?SetSimulationSteps@PhysicsWorld@Physics@xe@@SAXI@Z) referenced in function "public: virtual void __cdecl xe::PhysicsService::Deserialize(struct YAML::detail::iterator_value const &)" (?Deserialize@PhysicsService@xe@@UEAAXAEBUiterator_value@detail@YAML@@@Z)
XephEngine.lib(PhysicsService.obj) : error LNK2019: unresolved external symbol "public: static void __cdecl xe::Physics::PhysicsWorld::SetFixedTimeStep(float)" (?SetFixedTimeStep@PhysicsWorld@Physics@xe@@SAXM@Z) referenced in function "public: virtual void __cdecl xe::PhysicsService::Deserialize(struct YAML::detail::iterator_value const &)" (?Deserialize@PhysicsService@xe@@UEAAXAEBUiterator_value@detail@YAML@@@Z)
C:\repos\C++\XephEngine\x64\Debug\02_HelloGameObject.exe : fatal error LNK1120: 3 unresolved externals
