  Pch.cpp
  BlendState.cpp
  Camera.cpp
  ConstantBuffer.cpp
  DebugUI.cpp
C:\Users\jonbo\Desktop\XephEngine\Framework\Graphics\src\DebugUI.cpp(138,117): warning C4267: 'argument': conversion from 'size_t' to 'int', possible loss of data
  GraphicsSystem.cpp
C:\Users\jonbo\Desktop\XephEngine\Framework\Graphics\src\GraphicsSystem.cpp(178,108): warning C4244: 'argument': conversion from 'float' to 'UINT8', possible loss of data
  MeshBuffer.cpp
  MeshBuilder.cpp
C:\Users\jonbo\Desktop\XephEngine\Framework\Graphics\src\MeshBuilder.cpp(253,91): warning C4267: 'argument': conversion from 'size_t' to 'uint32_t', possible loss of data
C:\Users\jonbo\Desktop\XephEngine\Framework\Graphics\src\MeshBuilder.cpp(2440,5): warning C4305: 'argument': truncation from 'double' to 'float'
  PixelShader.cpp
  RenderObject.cpp
  RenderTarget.cpp
C:\Users\jonbo\Desktop\XephEngine\Framework\Graphics\src\RenderTarget.cpp(78,76): warning C4244: 'argument': conversion from 'float' to 'UINT8', possible loss of data
  Sampler.cpp
  SimpleDraw.cpp
  SimpleEffect.cpp
  Texture.cpp
  VertexShader.cpp
  Generating Code...
C:\Users\jonbo\Desktop\XephEngine\Framework\Graphics\src\Sampler.cpp(22): warning C4715: '`anonymous namespace'::GetFilter': not all control paths return a value
C:\Users\jonbo\Desktop\XephEngine\Framework\Graphics\src\Sampler.cpp(39): warning C4715: '`anonymous namespace'::GetAddressMode': not all control paths return a value
  Graphics.vcxproj -> C:\Users\jonbo\Desktop\XephEngine\x64\Debug\Graphics.lib
